2023-11-16 14:48:51 [127.0.0.1][-][-][error][yii\base\InvalidConfigException] yii\base\InvalidConfigException: yii\web\Request::cookieValidationKey must be configured with a secret key. in W:\domains\cassa\vendor\yiisoft\yii2\web\Request.php:1723
Stack trace:
#0 W:\domains\cassa\vendor\yiisoft\yii2\web\Request.php(1705): yii\web\Request->loadCookies()
#1 W:\domains\cassa\vendor\yiisoft\yii2\web\User.php(593): yii\web\Request->getCookies()
#2 W:\domains\cassa\vendor\yiisoft\yii2\web\User.php(321): yii\web\User->getIdentityAndDurationFromCookie()
#3 W:\domains\cassa\vendor\yiisoft\yii2\web\User.php(727): yii\web\User->loginByCookie()
#4 W:\domains\cassa\vendor\yiisoft\yii2\web\User.php(199): yii\web\User->renewAuthStatus()
#5 W:\domains\cassa\vendor\yiisoft\yii2\web\User.php(367): yii\web\User->getIdentity()
#6 W:\domains\cassa\vendor\yiisoft\yii2\base\Component.php(139): yii\web\User->getIsGuest()
#7 W:\domains\cassa\vendor\yiisoft\yii2-debug\src\panels\UserPanel.php(83): yii\base\Component->__get()
#8 W:\domains\cassa\vendor\yiisoft\yii2\base\BaseObject.php(109): yii\debug\panels\UserPanel->init()
#9 [internal function]: yii\base\BaseObject->__construct()
#10 W:\domains\cassa\vendor\yiisoft\yii2\di\Container.php(419): ReflectionClass->newInstanceArgs()
#11 W:\domains\cassa\vendor\yiisoft\yii2\di\Container.php(170): yii\di\Container->build()
#12 W:\domains\cassa\vendor\yiisoft\yii2\BaseYii.php(365): yii\di\Container->get()
#13 W:\domains\cassa\vendor\yiisoft\yii2-debug\src\Module.php(253): yii\BaseYii::createObject()
#14 W:\domains\cassa\vendor\yiisoft\yii2-debug\src\Module.php(225): yii\debug\Module->initPanels()
#15 W:\domains\cassa\vendor\yiisoft\yii2\base\BaseObject.php(109): yii\debug\Module->init()
#16 W:\domains\cassa\vendor\yiisoft\yii2\base\Module.php(161): yii\base\BaseObject->__construct()
#17 [internal function]: yii\base\Module->__construct()
#18 W:\domains\cassa\vendor\yiisoft\yii2\di\Container.php(411): ReflectionClass->newInstanceArgs()
#19 W:\domains\cassa\vendor\yiisoft\yii2\di\Container.php(170): yii\di\Container->build()
#20 W:\domains\cassa\vendor\yiisoft\yii2\BaseYii.php(365): yii\di\Container->get()
#21 W:\domains\cassa\vendor\yiisoft\yii2\base\Module.php(445): yii\BaseYii::createObject()
#22 W:\domains\cassa\vendor\yiisoft\yii2\base\Application.php(313): yii\base\Module->getModule()
#23 W:\domains\cassa\vendor\yiisoft\yii2\web\Application.php(69): yii\base\Application->bootstrap()
#24 W:\domains\cassa\vendor\yiisoft\yii2\base\Application.php(271): yii\web\Application->bootstrap()
#25 W:\domains\cassa\vendor\yiisoft\yii2\base\BaseObject.php(109): yii\base\Application->init()
#26 W:\domains\cassa\vendor\yiisoft\yii2\base\Application.php(204): yii\base\BaseObject->__construct()
#27 W:\domains\cassa\web\index.php(12): yii\base\Application->__construct()
#28 {main}
2023-11-16 14:48:50 [127.0.0.1][-][-][info][application] $_GET = []

$_POST = []

$_FILES = []

$_COOKIE = []

$_SERVER = [
    'HTTP_HOST' => 'cassa'
    'HTTP_X_FORWARDED_PROTO' => 'http'
    'HTTP_X_REAL_IP' => '127.0.0.1'
    'HTTP_UPGRADE_INSECURE_REQUESTS' => '1'
    'HTTP_USER_AGENT' => 'Mozilla/5.0 (Windows NT 10.0; Win64; x64) AppleWebKit/537.36 (KHTML, like Gecko) Chrome/118.0.0.0 Safari/537.36 OPR/104.0.0.0'
    'HTTP_ACCEPT' => 'text/html,application/xhtml+xml,application/xml;q=0.9,image/avif,image/webp,image/apng,*/*;q=0.8,application/signed-exchange;v=b3;q=0.7'
    'HTTP_ACCEPT_ENCODING' => 'gzip, deflate'
    'HTTP_ACCEPT_LANGUAGE' => 'ru-RU,ru;q=0.9,en-US;q=0.8,en;q=0.7'
    'PATH' => 'w:\\modules\\php\\PHP_8.1\\ext;w:\\modules\\php\\PHP_8.1\\pear;w:\\modules\\php\\PHP_8.1\\pear\\bin;w:\\modules\\php\\PHP_8.1;w:\\modules\\wget\\bin;w:\\modules\\database\\MySQL-5.6\\bin;w:\\modules\\http\\Apache_2.4-PHP_8.0-8.1+Nginx_1.23\\bin;w:\\modules\\http\\Apache_2.4-PHP_8.0-8.1+Nginx_1.23;C:\\Windows\\system32;C:\\Windows;C:\\Windows\\system32\\Wbem;C:\\Windows\\SysWOW64'
    'SystemRoot' => 'C:\\Windows'
    'COMSPEC' => 'C:\\Windows\\system32\\cmd.exe'
    'PATHEXT' => '.COM;.EXE;.BAT;.CMD;.VBS;.VBE;.JS;.JSE;.WSF;.WSH;.MSC'
    'WINDIR' => 'C:\\Windows'
    'SERVER_SIGNATURE' => ''
    'SERVER_SOFTWARE' => 'Apache'
    'SERVER_NAME' => 'cassa'
    'SERVER_ADDR' => '127.0.0.1'
    'SERVER_PORT' => '80'
    'REMOTE_ADDR' => '127.0.0.1'
    'DOCUMENT_ROOT' => 'W:/domains/cassa/web'
    'REQUEST_SCHEME' => 'http'
    'CONTEXT_PREFIX' => ''
    'CONTEXT_DOCUMENT_ROOT' => 'W:/domains/cassa/web'
    'SERVER_ADMIN' => '[no address given]'
    'SCRIPT_FILENAME' => 'W:/domains/cassa/web/index.php'
    'REMOTE_PORT' => '55417'
    'GATEWAY_INTERFACE' => 'CGI/1.1'
    'SERVER_PROTOCOL' => 'HTTP/1.1'
    'REQUEST_METHOD' => 'GET'
    'QUERY_STRING' => ''
    'REQUEST_URI' => '/'
    'SCRIPT_NAME' => '/index.php'
    'PHP_SELF' => '/index.php'
    'REQUEST_TIME_FLOAT' => 1700135330.3274
    'REQUEST_TIME' => 1700135330
]